<?xml version="1.0" encoding="UTF-8"?>
<robot generator="Robot 6.1.1 (Python 3.10.12 on linux)" generated="20230820 23:19:05.680" rpa="false" schemaversion="4">
<suite id="s1" name="Test" source="/home/super/phv_autotests/test">
<suite id="s1-s1" name="01 Template" source="/home/super/phv_autotests/test/01_Template">
<suite id="s1-s1-s1" name="01 Test" source="/home/super/phv_autotests/test/01_Template/01_test.robot">
<kw name="Open Browser To Execute Tests" library="keywords" type="SETUP">
<arg>${URL}</arg>
<kw name="Open Browser" library="SeleniumLibrary">
<arg>${URL}</arg>
<arg>Chrome</arg>
<arg>chrome_options=${chrome_options}</arg>
<doc>Opens a new browser instance to the optional ``url``.</doc>
<msg timestamp="20230820 23:19:05.798" level="INFO">Opening browser 'Chrome' to base url 'https://google.com'.</msg>
<status status="PASS" starttime="20230820 23:19:05.797" endtime="20230820 23:19:07.730"/>
</kw>
<status status="PASS" starttime="20230820 23:19:05.797" endtime="20230820 23:19:07.731"/>
</kw>
<test id="s1-s1-s1-t1" name="Test Case 001" line="9">
<kw name="Maximize Browser Window" library="SeleniumLibrary">
<doc>Maximizes current browser window.</doc>
<status status="PASS" starttime="20230820 23:19:07.731" endtime="20230820 23:19:07.838"/>
</kw>
<kw name="Sleep" library="BuiltIn">
<arg>10s</arg>
<doc>Pauses the test executed for the given time.</doc>
<msg timestamp="20230820 23:19:17.839" level="INFO">Slept 10 seconds</msg>
<status status="PASS" starttime="20230820 23:19:07.839" endtime="20230820 23:19:17.840"/>
</kw>
<doc>This is a template Test Case</doc>
<status status="PASS" starttime="20230820 23:19:07.731" endtime="20230820 23:19:17.840"/>
</test>
<test id="s1-s1-s1-t2" name="Test Case 002" line="14">
<kw name="Maximize Browser Window" library="SeleniumLibrary">
<doc>Maximizes current browser window.</doc>
<status status="PASS" starttime="20230820 23:19:17.842" endtime="20230820 23:19:17.849"/>
</kw>
<kw name="Sleep" library="BuiltIn">
<arg>10s</arg>
<doc>Pauses the test executed for the given time.</doc>
<msg timestamp="20230820 23:19:27.850" level="INFO">Slept 10 seconds</msg>
<status status="PASS" starttime="20230820 23:19:17.849" endtime="20230820 23:19:27.850"/>
</kw>
<kw name="Capture Page Screenshot" library="SeleniumLibrary">
<doc>Takes a screenshot of the current page and embeds it into a log file.</doc>
<msg timestamp="20230820 23:19:27.961" level="INFO" html="true">&lt;/td&gt;&lt;/tr&gt;&lt;tr&gt;&lt;td colspan="3"&gt;&lt;a href="selenium-screenshot-6.png"&gt;&lt;img src="selenium-screenshot-6.png" width="800px"&gt;&lt;/a&gt;</msg>
<status status="PASS" starttime="20230820 23:19:27.850" endtime="20230820 23:19:27.962"/>
</kw>
<doc>Test Case 002 - Verify</doc>
<status status="PASS" starttime="20230820 23:19:17.841" endtime="20230820 23:19:27.962"/>
</test>
<kw name="Teardown" library="keywords" type="TEARDOWN">
<kw name="Close Browser" library="SeleniumLibrary">
<doc>Closes the current browser.</doc>
<status status="PASS" starttime="20230820 23:19:27.963" endtime="20230820 23:19:28.030"/>
</kw>
<status status="PASS" starttime="20230820 23:19:27.963" endtime="20230820 23:19:28.030"/>
</kw>
<status status="PASS" starttime="20230820 23:19:05.694" endtime="20230820 23:19:28.030"/>
</suite>
<status status="PASS" starttime="20230820 23:19:05.693" endtime="20230820 23:19:28.031"/>
</suite>
<status status="PASS" starttime="20230820 23:19:05.681" endtime="20230820 23:19:28.032"/>
</suite>
<statistics>
<total>
<stat pass="2" fail="0" skip="0">All Tests</stat>
</total>
<tag>
</tag>
<suite>
<stat pass="2" fail="0" skip="0" id="s1" name="Test">Test</stat>
<stat pass="2" fail="0" skip="0" id="s1-s1" name="01 Template">Test.01 Template</stat>
<stat pass="2" fail="0" skip="0" id="s1-s1-s1" name="01 Test">Test.01 Template.01 Test</stat>
</suite>
</statistics>
<errors>
</errors>
</robot>
